<?xml version="1.0" encoding="UTF-8"?>
<!-- Generated by org.testng.reporters.JUnitReportReporter -->
<testsuite hostname="HarishVarMa" failures="0" tests="1" name="docker.ChromeTest2" time="25.765" errors="0" timestamp="2024-12-11T09:34:08 SAST" skipped="0">
  <testcase classname="docker.ChromeTest2" name="test2" time="25.765"/>
</testsuite> <!-- docker.ChromeTest2 -->
