<?xml version="1.0" encoding="UTF-8"?>
<!-- Generated by org.testng.reporters.JUnitReportReporter -->
<testsuite hostname="HarishVarMa" failures="0" tests="1" name="docker.dockerwithChrome" time="8.447" errors="0" timestamp="2024-12-10T09:01:43 SAST" skipped="0">
  <testcase classname="docker.dockerwithChrome" name="testDockerWithChrome" time="8.447"/>
</testsuite> <!-- docker.dockerwithChrome -->
