<?xml version="1.0" encoding="UTF-8"?>
<!-- Generated by org.testng.reporters.JUnitReportReporter -->
<testsuite hostname="HarishVarMa" failures="0" tests="1" name="docker.ChromeTest1" time="33.390" errors="0" timestamp="2024-12-11T09:34:08 SAST" skipped="0">
  <testcase classname="docker.ChromeTest1" name="test1" time="33.390"/>
</testsuite> <!-- docker.ChromeTest1 -->
